[debug] [2020-08-30T11:56:48.225Z] ----------------------------------------------------------------------
[debug] [2020-08-30T11:56:48.228Z] Command:       D:\programs\nodejs\node.exe C:\Users\User\AppData\Roaming\npm\node_modules\firebase-tools\lib\bin\firebase.js deploy --only hosting:bp-auto-order
[debug] [2020-08-30T11:56:48.228Z] CLI Version:   8.7.0
[debug] [2020-08-30T11:56:48.228Z] Platform:      win32
[debug] [2020-08-30T11:56:48.228Z] Node Version:  v13.8.0
[debug] [2020-08-30T11:56:48.229Z] Time:          Sun Aug 30 2020 14:56:48 GMT+0300 (Moscow Standard Time)
[debug] [2020-08-30T11:56:48.230Z] ----------------------------------------------------------------------
[debug] [2020-08-30T11:56:48.230Z] 
[debug] [2020-08-30T11:56:48.281Z] > command requires scopes: ["email","openid","https://www.googleapis.com/auth/cloudplatformprojects.readonly","https://www.googleapis.com/auth/firebase","https://www.googleapis.com/auth/cloud-platform"]
[debug] [2020-08-30T11:56:48.282Z] > authorizing via signed-in user
[debug] [2020-08-30T11:56:48.282Z] [iam] checking project brightpattern-282908 for permissions ["firebase.projects.get","firebasehosting.sites.update"]
[debug] [2020-08-30T11:56:48.286Z] > refreshing access token with scopes: ["email","https://www.googleapis.com/auth/cloud-platform","https://www.googleapis.com/auth/cloudplatformprojects.readonly","https://www.googleapis.com/auth/firebase","openid"]
[debug] [2020-08-30T11:56:48.286Z] >>> HTTP REQUEST POST https://www.googleapis.com/oauth2/v3/token  
 <request body omitted>
[debug] [2020-08-30T11:56:48.428Z] <<< HTTP RESPONSE 200 {"content-type":"application/json; charset=utf-8","vary":"X-Origin, Referer, Origin,Accept-Encoding","date":"Sun, 30 Aug 2020 11:56:49 GMT","server":"scaffolding on HTTPServer2","cache-control":"private","x-xss-protection":"0","x-frame-options":"SAMEORIGIN","x-content-type-options":"nosniff","alt-svc":"h3-29=\":443\"; ma=2592000,h3-27=\":443\"; ma=2592000,h3-T051=\":443\"; ma=2592000,h3-T050=\":443\"; ma=2592000,h3-Q050=\":443\"; ma=2592000,h3-Q046=\":443\"; ma=2592000,h3-Q043=\":443\"; ma=2592000,quic=\":443\"; ma=2592000; v=\"46,43\"","accept-ranges":"none","transfer-encoding":"chunked"}
[debug] [2020-08-30T11:56:48.443Z] >>> HTTP REQUEST POST https://cloudresourcemanager.googleapis.com/v1/projects/brightpattern-282908:testIamPermissions  
 {"permissions":["firebase.projects.get","firebasehosting.sites.update"]}
[debug] [2020-08-30T11:56:49.387Z] <<< HTTP RESPONSE 200 {"content-type":"application/json; charset=UTF-8","vary":"X-Origin, Referer, Origin,Accept-Encoding","date":"Sun, 30 Aug 2020 11:56:50 GMT","server":"ESF","cache-control":"private","x-xss-protection":"0","x-frame-options":"SAMEORIGIN","x-content-type-options":"nosniff","server-timing":"gfet4t7; dur=784","alt-svc":"h3-29=\":443\"; ma=2592000,h3-27=\":443\"; ma=2592000,h3-T051=\":443\"; ma=2592000,h3-T050=\":443\"; ma=2592000,h3-Q050=\":443\"; ma=2592000,h3-Q046=\":443\"; ma=2592000,h3-Q043=\":443\"; ma=2592000,quic=\":443\"; ma=2592000; v=\"46,43\"","accept-ranges":"none","transfer-encoding":"chunked"}
[debug] [2020-08-30T11:56:49.390Z] >>> HTTP REQUEST GET https://firebase.googleapis.com/v1beta1/projects/brightpattern-282908  
 
[debug] [2020-08-30T11:56:49.683Z] <<< HTTP RESPONSE 200 {"content-type":"application/json; charset=UTF-8","vary":"X-Origin, Referer, Origin,Accept-Encoding","date":"Sun, 30 Aug 2020 11:56:50 GMT","server":"ESF","cache-control":"private","x-xss-protection":"0","x-frame-options":"SAMEORIGIN","x-content-type-options":"nosniff","alt-svc":"h3-29=\":443\"; ma=2592000,h3-27=\":443\"; ma=2592000,h3-T051=\":443\"; ma=2592000,h3-T050=\":443\"; ma=2592000,h3-Q050=\":443\"; ma=2592000,h3-Q046=\":443\"; ma=2592000,h3-Q043=\":443\"; ma=2592000,quic=\":443\"; ma=2592000; v=\"46,43\"","accept-ranges":"none","transfer-encoding":"chunked"}
